Mutant: AUTH-001
Module: Authentication and authorization
Type: logical operator change
Description: Invert the admin-role registration guard so valid customer registration is rejected.
Outcome: killed
Command: go test ./modules/auth/service/auth

--- stdout ---
2026-04-24T14:50:24.126+0500	[34mINFO[0m	auth/register.go:59	Attempting user login	{"service": "auth", "phone_number": "+1234567890"}
2026-04-24T14:50:24.126+0500	[33mWARN[0m	auth/register.go:64	Login attempt with non-existent phone number	{"service": "auth", "phone_number": "+1234567890"}
2026-04-24T14:50:24.199+0500	[34mINFO[0m	auth/register.go:59	Attempting user login	{"service": "auth", "phone_number": "+1234567890"}
2026-04-24T14:50:24.259+0500	[34mINFO[0m	auth/register.go:82	User login successful	{"service": "auth", "user_id": 1, "phone_number": "+1234567890", "name": "testuser"}
2026-04-24T14:50:24.319+0500	[34mINFO[0m	auth/register.go:59	Attempting user login	{"service": "auth", "phone_number": "+1234567890"}
2026-04-24T14:50:24.379+0500	[33mWARN[0m	auth/register.go:72	Invalid password attempt	{"service": "auth", "phone_number": "+1234567890"}
2026-04-24T14:50:24.380+0500	[34mINFO[0m	auth/register.go:14	Starting user registration	{"service": "auth", "phone_number": "+1234567890"}
2026-04-24T14:50:24.441+0500	[34mINFO[0m	auth/register.go:14	Starting user registration	{"service": "auth", "phone_number": "+1234567890"}
2026-04-24T14:50:24.501+0500	[33mWARN[0m	auth/register.go:25	Attempted to register with admin role	{"service": "auth", "phone_number": "+1234567890"}
2026-04-24T14:50:24.502+0500	[34mINFO[0m	auth/register.go:14	Starting user registration	{"service": "auth", "phone_number": "+1234567890"}
2026-04-24T14:50:24.561+0500	[33mWARN[0m	auth/register.go:25	Attempted to register with admin role	{"service": "auth", "phone_number": "+1234567890"}
--- FAIL: TestAuthService (0.44s)
    --- FAIL: TestAuthService/TestRegister_AdminRole_Failure (0.06s)
        mock.go:349: test panicked: 
            assert: mock: I don't know what to return because the method call was unexpected.
            	Either do Mock.On("ReadCommitted").Return(...) first, or remove the ReadCommitted() call.
            	This method was unexpected:
            		ReadCommitted(context.backgroundCtx,db.Handler)
            		0: context.backgroundCtx{emptyCtx:context.emptyCtx{}}
            		1: (db.Handler)(0x1047f1c60)
            	at: [/Users/sergazieff.n/VSCodeProjects/aqa_ass3/backend/modules/auth/service/auth/service_test.go:47 /Users/sergazieff.n/VSCodeProjects/aqa_ass3/backend/modules/auth/service/auth/register.go:29 /Users/sergazieff.n/VSCodeProjects/aqa_ass3/backend/modules/auth/service/auth/service_test.go:135]
            goroutine 8 [running]:
            runtime/debug.Stack()
            	/opt/homebrew/Cellar/go/1.26.2/libexec/src/runtime/debug/stack.go:26 +0x64
            github.com/stretchr/testify/suite.failOnPanic(0x1e83ffb8d688, {0x104c61440, 0x1e83ffc0d270})
            	/tmp/go-mod/github.com/stretchr/testify@v1.10.0/suite/suite.go:89 +0x38
            github.com/stretchr/testify/suite.Run.func1.1()
            	/tmp/go-mod/github.com/stretchr/testify@v1.10.0/suite/suite.go:188 +0x208
            panic({0x104c61440?, 0x1e83ffc0d270?})
            	/opt/homebrew/Cellar/go/1.26.2/libexec/src/runtime/panic.go:860 +0x12c
            github.com/stretchr/testify/mock.(*Mock).fail(0x1e83ffc19360, {0x104860e41?, 0x4?}, {0x1e83ffbe5880?, 0x2?, 0x2?})
            	/tmp/go-mod/github.com/stretchr/testify@v1.10.0/mock/mock.go:349 +0x138
            github.com/stretchr/testify/mock.(*Mock).MethodCalled(0x1e83ffc19360, {0x1048fac74, 0xd}, {0x1e83ffc10880, 0x2, 0x2})
            	/tmp/go-mod/github.com/stretchr/testify@v1.10.0/mock/mock.go:517 +0x614
            github.com/stretchr/testify/mock.(*Mock).Called(0x1e83ffc19360, {0x1e83ffc10880, 0x2, 0x2})
            	/tmp/go-mod/github.com/stretchr/testify@v1.10.0/mock/mock.go:481 +0xfc
            diploma/modules/auth/service/auth.(*mockTxManager).ReadCommitted(0x1e83ffc19360, {0x104d29d88, 0x104de90e0}, 0x1e83ffc10860)
            	/Users/sergazieff.n/VSCodeProjects/aqa_ass3/backend/modules/auth/service/auth/service_test.go:47 +0xa0
            diploma/modules/auth/service/auth.(*authServ).Register(0x1e83ffbe56c0, {0x104d29d88, 0x104de90e0}, 0x1e83ffc4e3c0)
            	/Users/sergazieff.n/VSCodeProjects/aqa_ass3/backend/modules/auth/service/auth/register.go:29 +0x2cc
            diploma/modules/auth/service/auth.(*AuthServiceTestSuite).TestRegister_AdminRole_Failure(0x1e83ffbab3b0)
            	/Users/sergazieff.n/VSCodeProjects/aqa_ass3/backend/modules/auth/service/auth/service_test.go:135 +0xb4
            reflect.Value.call({0x1e83ffbe4900?, 0x1e83ffa42ef0?, 0x1e83ffbab301?}, {0x10483f14a, 0x4}, {0x1e83ffac8f20, 0x1, 0x1047e8b40?})
            	/opt/homebrew/Cellar/go/1.26.2/libexec/src/reflect/value.go:586 +0xabc
            reflect.Value.Call({0x1e83ffbe4900?, 0x1e83ffa42ef0?, 0x1044f94a0?}, {0x1e83ffac8f20?, 0x104d3c300?, 0x104ac6aa8?})
            	/opt/homebrew/Cellar/go/1.26.2/libexec/src/reflect/value.go:369 +0x94
            github.com/stretchr/testify/suite.Run.func1(0x1e83ffb8d688)
            	/tmp/go-mod/github.com/stretchr/testify@v1.10.0/suite/suite.go:202 +0x370
            testing.tRunner(0x1e83ffb8d688, 0x1e83ffbb0480)
            	/opt/homebrew/Cellar/go/1.26.2/libexec/src/testing/testing.go:2036 +0xc4
            created by testing.(*T).Run in goroutine 4
            	/opt/homebrew/Cellar/go/1.26.2/libexec/src/testing/testing.go:2101 +0x3a8
    --- FAIL: TestAuthService/TestRegister_RepositoryError (0.06s)
        test_helper.go:48: 
            	Error Trace:	/Users/sergazieff.n/VSCodeProjects/aqa_ass3/backend/internal/testutils/test_helper.go:48
            	            				/Users/sergazieff.n/VSCodeProjects/aqa_ass3/backend/modules/auth/service/auth/service_test.go:227
            	Error:      	Not equal: 
            	            	expected: &errors.errorString{s:"database error"}
            	            	actual  : &errors.errorString{s:"admin role is not allowed"}
            	            	
            	            	Diff:
            	            	--- Expected
            	            	+++ Actual
            	            	@@ -1,3 +1,3 @@
            	            	 (*errors.errorString)({
            	            	- s: (string) (len=14) "database error"
            	            	+ s: (string) (len=25) "admin role is not allowed"
            	            	 })
            	Test:       	TestAuthService/TestRegister_RepositoryError
        service_test.go:228: FAIL:	Create(string,string)
            		at: [/Users/sergazieff.n/VSCodeProjects/aqa_ass3/backend/modules/auth/service/auth/service_test.go:220]
        service_test.go:228: FAIL: 0 out of 1 expectation(s) were met.
            	The code you are testing needs to make 1 more call(s).
            	at: [/Users/sergazieff.n/VSCodeProjects/aqa_ass3/backend/modules/auth/service/auth/service_test.go:228]
        service_test.go:229: FAIL:	ReadCommitted(string,string)
            		at: [/Users/sergazieff.n/VSCodeProjects/aqa_ass3/backend/modules/auth/service/auth/service_test.go:221]
        service_test.go:229: FAIL: 0 out of 1 expectation(s) were met.
            	The code you are testing needs to make 1 more call(s).
            	at: [/Users/sergazieff.n/VSCodeProjects/aqa_ass3/backend/modules/auth/service/auth/service_test.go:229]
    --- FAIL: TestAuthService/TestRegister_Success (0.06s)
        test_helper.go:43: 
            	Error Trace:	/Users/sergazieff.n/VSCodeProjects/aqa_ass3/backend/internal/testutils/test_helper.go:43
            	            				/Users/sergazieff.n/VSCodeProjects/aqa_ass3/backend/modules/auth/service/auth/service_test.go:119
            	Error:      	Received unexpected error:
            	            	admin role is not allowed
            	Test:       	TestAuthService/TestRegister_Success
        test_helper.go:48: 
            	Error Trace:	/Users/sergazieff.n/VSCodeProjects/aqa_ass3/backend/internal/testutils/test_helper.go:48
            	            				/Users/sergazieff.n/VSCodeProjects/aqa_ass3/backend/modules/auth/service/auth/service_test.go:120
            	Error:      	Not equal: 
            	            	expected: 1
            	            	actual  : 0
            	Test:       	TestAuthService/TestRegister_Success
        service_test.go:121: FAIL:	Create(string,mock.argumentMatcher)
            		at: [/Users/sergazieff.n/VSCodeProjects/aqa_ass3/backend/modules/auth/service/auth/service_test.go:108]
        service_test.go:121: FAIL:	GetById(string,int64)
            		at: [/Users/sergazieff.n/VSCodeProjects/aqa_ass3/backend/modules/auth/service/auth/service_test.go:114]
        service_test.go:121: FAIL: 0 out of 2 expectation(s) were met.
            	The code you are testing needs to make 2 more call(s).
            	at: [/Users/sergazieff.n/VSCodeProjects/aqa_ass3/backend/modules/auth/service/auth/service_test.go:121]
        service_test.go:122: FAIL:	ReadCommitted(string,string)
            		at: [/Users/sergazieff.n/VSCodeProjects/aqa_ass3/backend/modules/auth/service/auth/service_test.go:115]
        service_test.go:122: FAIL: 0 out of 1 expectation(s) were met.
            	The code you are testing needs to make 1 more call(s).
            	at: [/Users/sergazieff.n/VSCodeProjects/aqa_ass3/backend/modules/auth/service/auth/service_test.go:122]
FAIL
FAIL	diploma/modules/auth/service/auth	1.227s
FAIL


--- stderr ---
go: downloading go.uber.org/zap v1.27.0
go: downloading github.com/stretchr/testify v1.10.0
go: downloading github.com/jackc/pgconn v1.14.3
go: downloading github.com/jackc/pgx/v4 v4.18.3
go: downloading github.com/DATA-DOG/go-sqlmock v1.5.2
go: downloading golang.org/x/crypto v0.36.0
go: downloading github.com/jackc/chunkreader/v2 v2.0.1
go: downloading github.com/jackc/pgio v1.0.0
go: downloading github.com/jackc/pgpassfile v1.0.0
go: downloading github.com/jackc/pgproto3/v2 v2.3.3
go: downloading github.com/jackc/pgservicefile v0.0.0-20221227161230-091c0ba34f0a
go: downloading golang.org/x/text v0.23.0
go: downloading github.com/davecgh/go-spew v1.1.1
go: downloading github.com/pmezard/go-difflib v1.0.0
go: downloading github.com/stretchr/objx v0.5.2
go: downloading go.uber.org/multierr v1.10.0
go: downloading github.com/jackc/pgtype v1.14.0
go: downloading gopkg.in/yaml.v3 v3.0.1
